#
# A fatal error has been detected by the Java Runtime Environment:
#
#  EXCEPTION_ACCESS_VIOLATION (0xc0000005) at pc=0x00007ff843576bc8, pid=9948, tid=16960
#
# JRE version: OpenJDK Runtime Environment Corretto-11.0.13.8.1 (11.0.13+8) (build 11.0.13+8-LTS)
# Java VM: OpenJDK 64-Bit Server VM Corretto-11.0.13.8.1 (11.0.13+8-LTS, mixed mode, tiered, compressed oops, g1 gc, windows-amd64)
# Problematic frame:
# V  [jvm.dll+0x306bc8]
#
# No core dump will be written. Minidumps are not enabled by default on client versions of Windows
#
# If you would like to submit a bug report, please visit:
#   https://github.com/corretto/corretto-11/issues/
#

---------------  S U M M A R Y ------------

Command Line: -XX:TieredStopAtLevel=1 -Xverify:none -Dspring.output.ansi.enabled=always -javaagent:C:\Program Files\JetBrains\IntelliJ IDEA 2021.1.3\lib\idea_rt.jar=50060:C:\Program Files\JetBrains\IntelliJ IDEA 2021.1.3\bin -Dcom.sun.management.jmxremote -Dspring.jmx.enabled=true -Dspring.liveBeansView.mbeanDomain -Dspring.application.admin.enabled=true -Dfile.encoding=UTF-8 ru.ant.firstRestApp.FirstRestAppApplication

Host: Intel(R) Core(TM) i5-10210U CPU @ 1.60GHz, 8 cores, 7G,  Windows 10 , 64 bit Build 19041 (10.0.19041.2251)
Time: Sat Nov 26 11:37:28 2022 RTZ 2 (зима) elapsed time: 8.463058 seconds (0d 0h 0m 8s)

---------------  T H R E A D  ---------------

Current thread (0x0000021725362800):  GCTaskThread "GC Thread#1" [stack: 0x000000ef10900000,0x000000ef10a00000] [id=16960]

Stack: [0x000000ef10900000,0x000000ef10a00000],  sp=0x000000ef109ff2f0,  free space=1020k
Native frames: (J=compiled Java code, j=interpreted, Vv=VM code, C=native code)
V  [jvm.dll+0x306bc8]
V  [jvm.dll+0x314a7e]
V  [jvm.dll+0x31343c]
V  [jvm.dll+0x2b9640]
V  [jvm.dll+0x2b9561]
V  [jvm.dll+0x2e5b4b]
V  [jvm.dll+0x313ad6]
V  [jvm.dll+0x2e84d9]
V  [jvm.dll+0x7d9d90]
V  [jvm.dll+0x765274]
V  [jvm.dll+0x61bb46]
C  [ucrtbase.dll+0x21bb2]
C  [KERNEL32.DLL+0x174b4]
C  [ntdll.dll+0x526a1]


siginfo: EXCEPTION_ACCESS_VIOLATION (0xc0000005), reading address 0x0000000000000000


Register to memory mapping:

RIP=0x00007ff843576bc8 jvm.dll
RAX=0x0000000000000001 is an unknown value
RBX=0x0000000086224f64 is pointing into object: [Ljava.lang.Object; 
{0x0000000086224f50} - klass: 'java/lang/Object'[]
 - length: 1
RCX=0x0000000000000014 is an unknown value
RDX=0x0 is NULL
RSP=0x000000ef109ff2f0 points into unknown readable memory: 0x0000021702d91cf0 | f0 1c d9 02 17 02 00 00
RBP=0x0000000000000100 is an unknown value
RSI=0x0000021726644380 points into unknown readable memory: 0x00007ff843b26f88 | 88 6f b2 43 f8 7f 00 00
RDI=0x0000021702d91cf0 points into unknown readable memory: 0x0000000000000254 | 54 02 00 00 00 00 00 00
R8 =0x0 is NULL
R9 =0x0000021704ff75d0 points into unknown readable memory: 0x00007ff843b20f60 | 60 0f b2 43 f8 7f 00 00
R10=0x0000000086226094 is pointing into object: java.util.concurrent.locks.ReentrantLock$NonfairSync 
{0x0000000086226088} - klass: 'java/util/concurrent/locks/ReentrantLock$NonfairSync'
R11=0x00000217266444f0 points into unknown readable memory: 0x00007ff843b26f40 | 40 6f b2 43 f8 7f 00 00
R12=0x0 is NULL
R13=0x00007ff843b27a80 jvm.dll
R14=0x0000021702d91d70 points into unknown readable memory: 0x000004dd00000254 | 54 02 00 00 dd 04 00 00
R15=0x0000000000000040 is an unknown value


Registers:
RAX=0x0000000000000001, RBX=0x0000000086224f64, RCX=0x0000000000000014, RDX=0x0000000000000000
RSP=0x000000ef109ff2f0, RBP=0x0000000000000100, RSI=0x0000021726644380, RDI=0x0000021702d91cf0
R8 =0x0000000000000000, R9 =0x0000021704ff75d0, R10=0x0000000086226094, R11=0x00000217266444f0
R12=0x0000000000000000, R13=0x00007ff843b27a80, R14=0x0000021702d91d70, R15=0x0000000000000040
RIP=0x00007ff843576bc8, EFLAGS=0x0000000000010202

Top of Stack: (sp=0x000000ef109ff2f0)
0x000000ef109ff2f0:   0000021702d91cf0 00007ff84354f7c4
0x000000ef109ff300:   000000000000000d 000000008622606c
0x000000ef109ff310:   0000000000000000 0000000086224f65
0x000000ef109ff320:   000000ef109ff3b0 00007ff84357f220
0x000000ef109ff330:   00000000830fcb3c 0000000083100df8
0x000000ef109ff340:   0000000000000100 000000ef109ff558
0x000000ef109ff350:   000000ef109ff530 0000000000000008
0x000000ef109ff360:   0000000000000000 0000021702daa3c0
0x000000ef109ff370:   0000021726644380 00007ff843584a7e
0x000000ef109ff380:   000000ef109ff5c0 00007ff84388686f
0x000000ef109ff390:   0000000083158800 0000000000000040
0x000000ef109ff3a0:   00000000050968cf 0000000424b5eb1e
0x000000ef109ff3b0:   00000000050968cf 0000000424b5eb1e
0x000000ef109ff3c0:   00000000830fca00 0000021702daa3c0
0x000000ef109ff3d0:   00000000830fca00 00007ff84358343c
0x000000ef109ff3e0:   000000ef109ff530 000000ef109ff400 

Instructions: (pc=0x00007ff843576bc8)
0x00007ff843576ac8:   b7 80 00 00 00 41 8b 06 8b cb 2b c8 81 e1 ff ff
0x00007ff843576ad8:   01 00 41 3b cf 0f 86 d2 01 00 00 ff cb 81 e3 ff
0x00007ff843576ae8:   ff 01 00 89 1f e8 de 76 30 00 48 8b 87 88 00 00
0x00007ff843576af8:   00 48 8b 0c d8 48 89 4c 24 28 8b cb 41 8b 06 2b
0x00007ff843576b08:   c8 81 e1 ff ff 01 00 81 f9 ff ff 01 00 41 0f 44
0x00007ff843576b18:   cc 85 c9 75 66 49 8b 06 48 89 84 24 a0 00 00 00
0x00007ff843576b28:   8b 84 24 a4 00 00 00 ff c0 89 9c 24 a8 00 00 00
0x00007ff843576b38:   89 84 24 ac 00 00 00 8b 84 24 a0 00 00 00 48 8b
0x00007ff843576b48:   bc 24 a8 00 00 00 3b d8 0f 85 57 01 00 00 48 8b
0x00007ff843576b58:   9c 24 a0 00 00 00 49 8b d6 48 8b 05 00 40 75 00
0x00007ff843576b68:   4c 8b c3 48 8b cf 48 89 5c 24 30 48 89 7c 24 38
0x00007ff843576b78:   ff d0 48 3b c3 0f 85 2a 01 00 00 48 8b 5c 24 28
0x00007ff843576b88:   f6 c3 01 0f 84 0c 01 00 00 8b 0d 31 6c 75 00 48
0x00007ff843576b98:   83 e3 fe 4c 8b 4e 08 44 8b 03 49 8b 81 e0 06 00
0x00007ff843576ba8:   00 49 d3 e0 4c 03 05 0d 6c 75 00 41 8b 89 f0 06
0x00007ff843576bb8:   00 00 49 8b d0 48 d3 ea 0f b6 04 02 84 c0 7e 55
0x00007ff843576bc8:   4d 8b 08 41 0f b6 c9 80 e1 03 80 f9 03 75 21 44
0x00007ff843576bd8:   38 25 57 9e 73 00 74 0f 41 0f b6 c1 24 07 3c 05
0x00007ff843576be8:   75 05 4d 8b c4 eb 17 4d 8b c1 49 83 e0 fc eb 0e
0x00007ff843576bf8:   0f b6 d0 48 8b ce e8 6d 16 00 00 4c 8b c0 8b 0d
0x00007ff843576c08:   bc 6b 75 00 49 8b c0 48 2b 05 aa 6b 75 00 48 d3
0x00007ff843576c18:   e8 89 03 eb 3a 3c ff 75 36 8b 0d 09 2c 7a 00 49
0x00007ff843576c28:   8b d0 49 2b 51 10 49 8b 81 88 04 00 00 48 d3 ea
0x00007ff843576c38:   8b ca 44 38 24 08 74 17 44 88 24 08 49 8b 81 d0
0x00007ff843576c48:   06 00 00 44 88 a4 24 90 00 00 00 44 88 24 01 8b
0x00007ff843576c58:   0d d3 2b 7a 00 48 8b c3 49 33 c0 48 d3 e8 48 85
0x00007ff843576c68:   c0 0f 84 51 fe ff ff 48 8b 56 08 4d 8b c8 48 8b
0x00007ff843576c78:   c3 4c 8b c3 8b 8a c0 02 00 00 48 8b 92 b0 02 00
0x00007ff843576c88:   00 48 d3 e8 48 8b ce 48 8b 14 c2 e8 28 8c fd ff
0x00007ff843576c98:   e9 23 fe ff ff 48 8b d3 48 8b ce e8 28 a9 fd ff
0x00007ff843576ca8:   e9 13 fe ff ff 48 89 7c 24 40 49 89 3e 48 83 c4
0x00007ff843576cb8:   58 41 5f 41 5e 41 5c 5f 5e 5b c3 cc cc cc cc cc 


Stack slot to memory mapping:
stack at sp + 0 slots: 0x0000021702d91cf0 points into unknown readable memory: 0x0000000000000254 | 54 02 00 00 00 00 00 00
stack at sp + 1 slots: 0x00007ff84354f7c4 jvm.dll
stack at sp + 2 slots: 0x000000000000000d is an unknown value
stack at sp + 3 slots: 0x000000008622606c is pointing into object: org.springframework.util.ConcurrentReferenceHashMap$Segment 
{0x0000000086226060} - klass: 'org/springframework/util/ConcurrentReferenceHashMap$Segment'
stack at sp + 4 slots: 0x0 is NULL
stack at sp + 5 slots: 0x0000000086224f65 is pointing into object: [Ljava.lang.Object; 
{0x0000000086224f50} - klass: 'java/lang/Object'[]
 - length: 1
stack at sp + 6 slots: 0x000000ef109ff3b0 points into unknown readable memory: 0x00000000050968cf | cf 68 09 05 00 00 00 00
stack at sp + 7 slots: 0x00007ff84357f220 jvm.dll


---------------  P R O C E S S  ---------------

Threads class SMR info:
_java_thread_list=0x0000021729209d50, length=33, elements={
0x0000021723f26000, 0x0000021723f30800, 0x0000021723f44000, 0x0000021723f47000,
0x0000021723f48000, 0x0000021723f4b800, 0x00000217248a5000, 0x0000021723eba800,
0x0000021724d49000, 0x0000021724f81000, 0x000002172661c000, 0x00000217265e5000,
0x0000021726b3b800, 0x0000021726b1a800, 0x0000021726b1b000, 0x0000021726b44000,
0x0000021726be7000, 0x0000021726ede800, 0x0000021726edc800, 0x0000021726edd000,
0x0000021729347000, 0x0000021729345800, 0x0000021729342000, 0x0000021729341800,
0x0000021729348800, 0x0000021729348000, 0x0000021729343000, 0x0000021729349800,
0x0000021729346000, 0x0000021729343800, 0x000002172934a800, 0x0000021729344800,
0x000002172934f000
}

Java Threads: ( => current thread )
  0x0000021723f26000 JavaThread "Reference Handler" daemon [_thread_blocked, id=6224, stack(0x000000ef0fe00000,0x000000ef0ff00000)]
  0x0000021723f30800 JavaThread "Finalizer" daemon [_thread_blocked, id=11384, stack(0x000000ef0ff00000,0x000000ef10000000)]
  0x0000021723f44000 JavaThread "Signal Dispatcher" daemon [_thread_blocked, id=4956, stack(0x000000ef10000000,0x000000ef10100000)]
  0x0000021723f47000 JavaThread "Attach Listener" daemon [_thread_blocked, id=3560, stack(0x000000ef10100000,0x000000ef10200000)]
  0x0000021723f48000 JavaThread "Service Thread" daemon [_thread_blocked, id=13524, stack(0x000000ef10200000,0x000000ef10300000)]
  0x0000021723f4b800 JavaThread "C1 CompilerThread0" daemon [_thread_blocked, id=5696, stack(0x000000ef10300000,0x000000ef10400000)]
  0x00000217248a5000 JavaThread "Sweeper thread" daemon [_thread_blocked, id=13588, stack(0x000000ef10400000,0x000000ef10500000)]
  0x0000021723eba800 JavaThread "Common-Cleaner" daemon [_thread_blocked, id=7912, stack(0x000000ef10500000,0x000000ef10600000)]
  0x0000021724d49000 JavaThread "Monitor Ctrl-Break" daemon [_thread_in_native, id=9704, stack(0x000000ef10600000,0x000000ef10700000)]
  0x0000021724f81000 JavaThread "RMI TCP Accept-0" daemon [_thread_in_native, id=844, stack(0x000000ef10700000,0x000000ef10800000)]
  0x000002172661c000 JavaThread "RMI TCP Connection(2)-192.168.56.1" daemon [_thread_in_native, id=12392, stack(0x000000ef10b00000,0x000000ef10c00000)]
  0x00000217265e5000 JavaThread "RMI Scheduler(0)" daemon [_thread_blocked, id=15424, stack(0x000000ef10e00000,0x000000ef10f00000)]
  0x0000021726b3b800 JavaThread "Catalina-utility-1" [_thread_blocked, id=15904, stack(0x000000ef10f00000,0x000000ef11000000)]
  0x0000021726b1a800 JavaThread "Catalina-utility-2" [_thread_blocked, id=5700, stack(0x000000ef11000000,0x000000ef11100000)]
  0x0000021726b1b000 JavaThread "container-0" [_thread_blocked, id=15008, stack(0x000000ef11100000,0x000000ef11200000)]
  0x0000021726b44000 JavaThread "mysql-cj-abandoned-connection-cleanup" daemon [_thread_blocked, id=7356, stack(0x000000ef11200000,0x000000ef11300000)]
  0x0000021726be7000 JavaThread "RMI TCP Connection(3)-192.168.56.1" daemon [_thread_in_native, id=2168, stack(0x000000ef11400000,0x000000ef11500000)]
  0x0000021726ede800 JavaThread "HikariPool-1 housekeeper" daemon [_thread_blocked, id=4756, stack(0x000000ef11500000,0x000000ef11600000)]
  0x0000021726edc800 JavaThread "http-nio-8080-exec-1" daemon [_thread_blocked, id=6208, stack(0x000000ef11b00000,0x000000ef11c00000)]
  0x0000021726edd000 JavaThread "http-nio-8080-exec-2" daemon [_thread_blocked, id=8592, stack(0x000000ef11c00000,0x000000ef11d00000)]
  0x0000021729347000 JavaThread "http-nio-8080-exec-3" daemon [_thread_blocked, id=13396, stack(0x000000ef11d00000,0x000000ef11e00000)]
  0x0000021729345800 JavaThread "http-nio-8080-exec-4" daemon [_thread_blocked, id=7752, stack(0x000000ef11e00000,0x000000ef11f00000)]
  0x0000021729342000 JavaThread "http-nio-8080-exec-5" daemon [_thread_blocked, id=17188, stack(0x000000ef11f00000,0x000000ef12000000)]
  0x0000021729341800 JavaThread "http-nio-8080-exec-6" daemon [_thread_blocked, id=9744, stack(0x000000ef12000000,0x000000ef12100000)]
  0x0000021729348800 JavaThread "http-nio-8080-exec-7" daemon [_thread_blocked, id=8736, stack(0x000000ef12100000,0x000000ef12200000)]
  0x0000021729348000 JavaThread "http-nio-8080-exec-8" daemon [_thread_blocked, id=1680, stack(0x000000ef12200000,0x000000ef12300000)]
  0x0000021729343000 JavaThread "http-nio-8080-exec-9" daemon [_thread_blocked, id=5492, stack(0x000000ef12300000,0x000000ef12400000)]
  0x0000021729349800 JavaThread "http-nio-8080-exec-10" daemon [_thread_blocked, id=7304, stack(0x000000ef12400000,0x000000ef12500000)]
  0x0000021729346000 JavaThread "http-nio-8080-Poller" daemon [_thread_in_native, id=2428, stack(0x000000ef12500000,0x000000ef12600000)]
  0x0000021729343800 JavaThread "http-nio-8080-Acceptor" daemon [_thread_in_native, id=7192, stack(0x000000ef12600000,0x000000ef12700000)]
  0x000002172934a800 JavaThread "DestroyJavaVM" [_thread_blocked, id=12748, stack(0x000000ef0f700000,0x000000ef0f800000)]
  0x0000021729344800 JavaThread "RMI TCP Connection(4)-192.168.56.1" daemon [_thread_in_native, id=15960, stack(0x000000ef12700000,0x000000ef12800000)]
  0x000002172934f000 JavaThread "RMI TCP Connection(5)-192.168.56.1" daemon [_thread_in_native, id=10712, stack(0x000000ef12800000,0x000000ef12900000)]

Other Threads:
  0x0000021723f00000 VMThread "VM Thread" [stack: 0x000000ef0fd00000,0x000000ef0fe00000] [id=6796]
  0x0000021724f71000 WatcherThread [stack: 0x000000ef10800000,0x000000ef10900000] [id=15828]
  0x0000021705003800 GCTaskThread "GC Thread#0" [stack: 0x000000ef0f800000,0x000000ef0f900000] [id=6500]
=>0x0000021725362800 GCTaskThread "GC Thread#1" [stack: 0x000000ef10900000,0x000000ef10a00000] [id=16960]
  0x0000021725365000 GCTaskThread "GC Thread#2" [stack: 0x000000ef10a00000,0x000000ef10b00000] [id=1408]
  0x0000021726293000 GCTaskThread "GC Thread#3" [stack: 0x000000ef10c00000,0x000000ef10d00000] [id=6544]
  0x0000021727052800 GCTaskThread "GC Thread#4" [stack: 0x000000ef11700000,0x000000ef11800000] [id=10376]
  0x0000021727055000 GCTaskThread "GC Thread#5" [stack: 0x000000ef11800000,0x000000ef11900000] [id=17124]
  0x0000021727054800 GCTaskThread "GC Thread#6" [stack: 0x000000ef11900000,0x000000ef11a00000] [id=1068]
  0x0000021727053800 GCTaskThread "GC Thread#7" [stack: 0x000000ef11a00000,0x000000ef11b00000] [id=1064]
  0x0000021705030800 ConcurrentGCThread "G1 Main Marker" [stack: 0x000000ef0f900000,0x000000ef0fa00000] [id=15192]
  0x0000021705031800 ConcurrentGCThread "G1 Conc#0" [stack: 0x000000ef0fa00000,0x000000ef0fb00000] [id=3076]
  0x000002172541e000 ConcurrentGCThread "G1 Conc#1" [stack: 0x000000ef10d00000,0x000000ef10e00000] [id=13584]
  0x00000217050be000 ConcurrentGCThread "G1 Refine#0" [stack: 0x000000ef0fb00000,0x000000ef0fc00000] [id=13448]
  0x0000021723d67800 ConcurrentGCThread "G1 Young RemSet Sampling" [stack: 0x000000ef0fc00000,0x000000ef0fd00000] [id=13016]

Threads with active compile tasks:

VM state:at safepoint (normal execution)

VM Mutex/Monitor currently owned by a thread:  ([mutex/lock_event])
[0x0000021704fe80a0] Threads_lock - owner thread: 0x0000021723f00000
[0x0000021704fe8130] Heap_lock - owner thread: 0x0000021726edc800

Heap address: 0x0000000082800000, size: 2008 MB, Compressed Oops mode: 32-bit
Narrow klass base: 0x0000000000000000, Narrow klass shift: 3
Compressed class space size: 1073741824 Address: 0x0000000100000000

Heap:
 garbage-first heap   total 155648K, used 107308K [0x0000000082800000, 0x0000000100000000)
  region size 1024K, 89 young (91136K), 7 survivors (7168K)
 Metaspace       used 64703K, capacity 66729K, committed 66904K, reserved 1107968K
  class space    used 8444K, capacity 9264K, committed 9344K, reserved 1048576K
Heap Regions: E=young(eden), S=young(survivor), O=old, HS=humongous(starts), HC=humongous(continues), CS=collection set, F=free, A=archive, TAMS=top-at-mark-start (previous, next)
|   0|0x0000000082800000, 0x0000000082900000, 0x0000000082900000|100%|HS|  |TAMS 0x0000000082900000, 0x0000000082800000| Complete 
|   1|0x0000000082900000, 0x0000000082a00000, 0x0000000082a00000|100%| O|  |TAMS 0x0000000082a00000, 0x0000000082900000| Untracked 
|   2|0x0000000082a00000, 0x0000000082b00000, 0x0000000082b00000|100%| O|  |TAMS 0x0000000082b00000, 0x0000000082a00000| Untracked 
|   3|0x0000000082b00000, 0x0000000082c00000, 0x0000000082c00000|100%| O|  |TAMS 0x0000000082c00000, 0x0000000082b00000| Untracked 
|   4|0x0000000082c00000, 0x0000000082d00000, 0x0000000082d00000|100%| O|  |TAMS 0x0000000082d00000, 0x0000000082c00000| Untracked 
|   5|0x0000000082d00000, 0x0000000082e00000, 0x0000000082e00000|100%| O|  |TAMS 0x0000000082e00000, 0x0000000082d00000| Untracked 
|   6|0x0000000082e00000, 0x0000000082f00000, 0x0000000082f00000|100%| O|  |TAMS 0x0000000082f00000, 0x0000000082e00000| Untracked 
|   7|0x0000000082f00000, 0x0000000083000000, 0x0000000083000000|100%| O|  |TAMS 0x0000000083000000, 0x0000000082f00000| Untracked 
|   8|0x0000000083000000, 0x0000000083100000, 0x0000000083100000|100%| O|  |TAMS 0x0000000083100000, 0x0000000083000000| Untracked 
|   9|0x0000000083100000, 0x0000000083200000, 0x0000000083200000|100%| O|  |TAMS 0x0000000083200000, 0x0000000083100000| Untracked 
|  10|0x0000000083200000, 0x0000000083300000, 0x0000000083300000|100%| O|  |TAMS 0x0000000083300000, 0x0000000083200000| Untracked 
|  11|0x0000000083300000, 0x0000000083400000, 0x0000000083400000|100%| O|  |TAMS 0x0000000083400000, 0x0000000083300000| Untracked 
|  12|0x0000000083400000, 0x0000000083500000, 0x0000000083500000|100%| O|  |TAMS 0x0000000083500000, 0x0000000083400000| Untracked 
|  13|0x0000000083500000, 0x0000000083600000, 0x0000000083600000|100%| O|  |TAMS 0x0000000083600000, 0x0000000083500000| Untracked 
|  14|0x0000000083600000, 0x0000000083700000, 0x0000000083700000|100%| O|  |TAMS 0x0000000083692e00, 0x0000000083600000| Untracked 
|  15|0x0000000083700000, 0x0000000083800000, 0x0000000083800000|100%| O|  |TAMS 0x0000000083700000, 0x0000000083700000| Untracked 
|  16|0x0000000083800000, 0x0000000083900000, 0x0000000083900000|100%| O|  |TAMS 0x0000000083800000, 0x0000000083800000| Untracked 
|  17|0x0000000083900000, 0x0000000083a00000, 0x0000000083a00000|100%| O|  |TAMS 0x0000000083900000, 0x0000000083900000| Untracked 
|  18|0x0000000083a00000, 0x0000000083b00000, 0x0000000083b00000|100%| O|  |TAMS 0x0000000083a00000, 0x0000000083a00000| Untracked 
|  19|0x0000000083b00000, 0x0000000083be2a30, 0x0000000083c00000| 88%| O|  |TAMS 0x0000000083b00000, 0x0000000083b00000| Untracked 
|  20|0x0000000083c00000, 0x0000000083c00000, 0x0000000083d00000|  0%| F|  |TAMS 0x0000000083c00000, 0x0000000083c00000| Untracked 
|  21|0x0000000083d00000, 0x0000000083d00000, 0x0000000083e00000|  0%| F|  |TAMS 0x0000000083d00000, 0x0000000083d00000| Untracked 
|  22|0x0000000083e00000, 0x0000000083e00000, 0x0000000083f00000|  0%| F|  |TAMS 0x0000000083e00000, 0x0000000083e00000| Untracked 
|  23|0x0000000083f00000, 0x0000000083f00000, 0x0000000084000000|  0%| F|  |TAMS 0x0000000083f00000, 0x0000000083f00000| Untracked 
|  24|0x0000000084000000, 0x0000000084000000, 0x0000000084100000|  0%| F|  |TAMS 0x0000000084000000, 0x0000000084000000| Untracked 
|  25|0x0000000084100000, 0x0000000084100000, 0x0000000084200000|  0%| F|  |TAMS 0x0000000084100000, 0x0000000084100000| Untracked 
|  26|0x0000000084200000, 0x0000000084200000, 0x0000000084300000|  0%| F|  |TAMS 0x0000000084200000, 0x0000000084200000| Untracked 
|  27|0x0000000084300000, 0x0000000084300000, 0x0000000084400000|  0%| F|  |TAMS 0x0000000084300000, 0x0000000084300000| Untracked 
|  28|0x0000000084400000, 0x0000000084400000, 0x0000000084500000|  0%| F|  |TAMS 0x0000000084400000, 0x0000000084400000| Untracked 
|  29|0x0000000084500000, 0x0000000084500000, 0x0000000084600000|  0%| F|  |TAMS 0x0000000084500000, 0x0000000084500000| Untracked 
|  30|0x0000000084600000, 0x0000000084600000, 0x0000000084700000|  0%| F|  |TAMS 0x0000000084600000, 0x0000000084600000| Untracked 
|  31|0x0000000084700000, 0x0000000084700000, 0x0000000084800000|  0%| F|  |TAMS 0x0000000084700000, 0x0000000084700000| Untracked 
|  32|0x0000000084800000, 0x0000000084800000, 0x0000000084900000|  0%| F|  |TAMS 0x0000000084800000, 0x0000000084800000| Untracked 
|  33|0x0000000084900000, 0x0000000084900000, 0x0000000084a00000|  0%| F|  |TAMS 0x0000000084900000, 0x0000000084900000| Untracked 
|  34|0x0000000084a00000, 0x0000000084a00000, 0x0000000084b00000|  0%| F|  |TAMS 0x0000000084a00000, 0x0000000084a00000| Untracked 
|  35|0x0000000084b00000, 0x0000000084b00000, 0x0000000084c00000|  0%| F|  |TAMS 0x0000000084b00000, 0x0000000084b00000| Untracked 
|  36|0x0000000084c00000, 0x0000000084c00000, 0x0000000084d00000|  0%| F|  |TAMS 0x0000000084c00000, 0x0000000084c00000| Untracked 
|  37|0x0000000084d00000, 0x0000000084d00000, 0x0000000084e00000|  0%| F|  |TAMS 0x0000000084d00000, 0x0000000084d00000| Untracked 
|  38|0x0000000084e00000, 0x0000000084e00000, 0x0000000084f00000|  0%| F|  |TAMS 0x0000000084e00000, 0x0000000084e00000| Untracked 
|  39|0x0000000084f00000, 0x0000000084f00000, 0x0000000085000000|  0%| F|  |TAMS 0x0000000084f00000, 0x0000000084f00000| Untracked 
|  40|0x0000000085000000, 0x0000000085000000, 0x0000000085100000|  0%| F|  |TAMS 0x0000000085000000, 0x0000000085000000| Untracked 
|  41|0x0000000085100000, 0x0000000085100000, 0x0000000085200000|  0%| F|  |TAMS 0x0000000085100000, 0x0000000085100000| Untracked 
|  42|0x0000000085200000, 0x0000000085200000, 0x0000000085300000|  0%| F|  |TAMS 0x0000000085200000, 0x0000000085200000| Untracked 
|  43|0x0000000085300000, 0x0000000085300000, 0x0000000085400000|  0%| F|  |TAMS 0x0000000085300000, 0x0000000085300000| Untracked 
|  44|0x0000000085400000, 0x0000000085400000, 0x0000000085500000|  0%| F|  |TAMS 0x0000000085400000, 0x0000000085400000| Untracked 
|  45|0x0000000085500000, 0x0000000085500000, 0x0000000085600000|  0%| F|  |TAMS 0x0000000085500000, 0x0000000085500000| Untracked 
|  46|0x0000000085600000, 0x0000000085600000, 0x0000000085700000|  0%| F|  |TAMS 0x0000000085600000, 0x0000000085600000| Untracked 
|  47|0x0000000085700000, 0x0000000085700000, 0x0000000085800000|  0%| F|  |TAMS 0x0000000085700000, 0x0000000085700000| Untracked 
|  48|0x0000000085800000, 0x0000000085800000, 0x0000000085900000|  0%| F|  |TAMS 0x0000000085800000, 0x0000000085800000| Untracked 
|  49|0x0000000085900000, 0x0000000085900000, 0x0000000085a00000|  0%| F|  |TAMS 0x0000000085900000, 0x0000000085900000| Untracked 
|  50|0x0000000085a00000, 0x0000000085a00000, 0x0000000085b00000|  0%| F|  |TAMS 0x0000000085a00000, 0x0000000085a00000| Untracked 
|  51|0x0000000085b00000, 0x0000000085b00000, 0x0000000085c00000|  0%| F|  |TAMS 0x0000000085b00000, 0x0000000085b00000| Untracked 
|  52|0x0000000085c00000, 0x0000000085c00000, 0x0000000085d00000|  0%| F|  |TAMS 0x0000000085c00000, 0x0000000085c00000| Untracked 
|  53|0x0000000085d00000, 0x0000000085d00000, 0x0000000085e00000|  0%| F|  |TAMS 0x0000000085d00000, 0x0000000085d00000| Untracked 
|  54|0x0000000085e00000, 0x0000000085ed53f0, 0x0000000085f00000| 83%| S|  |TAMS 0x0000000085e00000, 0x0000000085e00000| Complete 
|  55|0x0000000085f00000, 0x0000000086000000, 0x0000000086000000|100%| S|  |TAMS 0x0000000085f00000, 0x0000000085f00000| Complete 
|  56|0x0000000086000000, 0x0000000086100000, 0x0000000086100000|100%| S|  |TAMS 0x0000000086000000, 0x0000000086000000| Complete 
|  57|0x0000000086100000, 0x0000000086200000, 0x0000000086200000|100%| S|  |TAMS 0x0000000086100000, 0x0000000086100000| Complete 
|  58|0x0000000086200000, 0x0000000086300000, 0x0000000086300000|100%| S|  |TAMS 0x0000000086200000, 0x0000000086200000| Complete 
|  59|0x0000000086300000, 0x0000000086400000, 0x0000000086400000|100%| S|  |TAMS 0x0000000086300000, 0x0000000086300000| Complete 
|  60|0x0000000086400000, 0x0000000086500000, 0x0000000086500000|100%| S|  |TAMS 0x0000000086400000, 0x0000000086400000| Complete 
|  61|0x0000000086500000, 0x0000000086600000, 0x0000000086600000|100%| E|CS|TAMS 0x0000000086500000, 0x0000000086500000| Complete 
|  62|0x0000000086600000, 0x0000000086700000, 0x0000000086700000|100%| E|CS|TAMS 0x0000000086600000, 0x0000000086600000| Complete 
|  63|0x0000000086700000, 0x0000000086800000, 0x0000000086800000|100%| E|CS|TAMS 0x0000000086700000, 0x0000000086700000| Complete 
|  64|0x0000000086800000, 0x0000000086900000, 0x0000000086900000|100%| E|CS|TAMS 0x0000000086800000, 0x0000000086800000| Complete 
|  65|0x0000000086900000, 0x0000000086a00000, 0x0000000086a00000|100%| E|CS|TAMS 0x0000000086900000, 0x0000000086900000| Complete 
|  66|0x0000000086a00000, 0x0000000086b00000, 0x0000000086b00000|100%| E|CS|TAMS 0x0000000086a00000, 0x0000000086a00000| Complete 
|  67|0x0000000086b00000, 0x0000000086c00000, 0x0000000086c00000|100%| E|CS|TAMS 0x0000000086b00000, 0x0000000086b00000| Complete 
|  68|0x0000000086c00000, 0x0000000086d00000, 0x0000000086d00000|100%| E|CS|TAMS 0x0000000086c00000, 0x0000000086c00000| Complete 
|  69|0x0000000086d00000, 0x0000000086e00000, 0x0000000086e00000|100%| E|CS|TAMS 0x0000000086d00000, 0x0000000086d00000| Complete 
|  70|0x0000000086e00000, 0x0000000086f00000, 0x0000000086f00000|100%| E|CS|TAMS 0x0000000086e00000, 0x0000000086e00000| Complete 
|  71|0x0000000086f00000, 0x0000000087000000, 0x0000000087000000|100%| E|CS|TAMS 0x0000000086f00000, 0x0000000086f00000| Complete 
|  72|0x0000000087000000, 0x0000000087100000, 0x0000000087100000|100%| E|CS|TAMS 0x0000000087000000, 0x0000000087000000| Complete 
|  73|0x0000000087100000, 0x0000000087200000, 0x0000000087200000|100%| E|CS|TAMS 0x0000000087100000, 0x0000000087100000| Complete 
|  74|0x0000000087200000, 0x0000000087300000, 0x0000000087300000|100%| E|CS|TAMS 0x0000000087200000, 0x0000000087200000| Complete 
|  75|0x0000000087300000, 0x0000000087400000, 0x0000000087400000|100%| E|CS|TAMS 0x0000000087300000, 0x0000000087300000| Complete 
|  76|0x0000000087400000, 0x0000000087500000, 0x0000000087500000|100%| E|CS|TAMS 0x0000000087400000, 0x0000000087400000| Complete 
|  77|0x0000000087500000, 0x0000000087600000, 0x0000000087600000|100%| E|CS|TAMS 0x0000000087500000, 0x0000000087500000| Complete 
|  78|0x0000000087600000, 0x0000000087700000, 0x0000000087700000|100%| E|CS|TAMS 0x0000000087600000, 0x0000000087600000| Complete 
|  79|0x0000000087700000, 0x0000000087800000, 0x0000000087800000|100%| E|CS|TAMS 0x0000000087700000, 0x0000000087700000| Complete 
|  80|0x0000000087800000, 0x0000000087900000, 0x0000000087900000|100%| E|CS|TAMS 0x0000000087800000, 0x0000000087800000| Complete 
|  81|0x0000000087900000, 0x0000000087a00000, 0x0000000087a00000|100%| E|CS|TAMS 0x0000000087900000, 0x0000000087900000| Complete 
|  82|0x0000000087a00000, 0x0000000087a38448, 0x0000000087b00000| 21%| E|CS|TAMS 0x0000000087a00000, 0x0000000087a00000| Complete 
|  83|0x0000000087b00000, 0x0000000087c00000, 0x0000000087c00000|100%| E|CS|TAMS 0x0000000087b00000, 0x0000000087b00000| Complete 
|  84|0x0000000087c00000, 0x0000000087d00000, 0x0000000087d00000|100%| E|CS|TAMS 0x0000000087c00000, 0x0000000087c00000| Complete 
|  85|0x0000000087d00000, 0x0000000087e00000, 0x0000000087e00000|100%| E|CS|TAMS 0x0000000087d00000, 0x0000000087d00000| Complete 
|  86|0x0000000087e00000, 0x0000000087f00000, 0x0000000087f00000|100%| E|CS|TAMS 0x0000000087e00000, 0x0000000087e00000| Complete 
|  87|0x0000000087f00000, 0x0000000088000000, 0x0000000088000000|100%| E|CS|TAMS 0x0000000087f00000, 0x0000000087f00000| Complete 
|  88|0x0000000088000000, 0x0000000088100000, 0x0000000088100000|100%| E|CS|TAMS 0x0000000088000000, 0x0000000088000000| Complete 
|  89|0x0000000088100000, 0x0000000088200000, 0x0000000088200000|100%| E|CS|TAMS 0x0000000088100000, 0x0000000088100000| Complete 
|  90|0x0000000088200000, 0x0000000088300000, 0x0000000088300000|100%| E|CS|TAMS 0x0000000088200000, 0x0000000088200000| Complete 
|  91|0x0000000088300000, 0x0000000088400000, 0x0000000088400000|100%| E|CS|TAMS 0x0000000088300000, 0x0000000088300000| Complete 
|  92|0x0000000088400000, 0x0000000088500000, 0x0000000088500000|100%| E|CS|TAMS 0x0000000088400000, 0x0000000088400000| Complete 
|  93|0x0000000088500000, 0x0000000088600000, 0x0000000088600000|100%| E|CS|TAMS 0x0000000088500000, 0x0000000088500000| Complete 
|  94|0x0000000088600000, 0x0000000088700000, 0x0000000088700000|100%| E|CS|TAMS 0x0000000088600000, 0x0000000088600000| Complete 
|  95|0x0000000088700000, 0x0000000088800000, 0x0000000088800000|100%| E|CS|TAMS 0x0000000088700000, 0x0000000088700000| Complete 
|  96|0x0000000088800000, 0x0000000088900000, 0x0000000088900000|100%| E|CS|TAMS 0x0000000088800000, 0x0000000088800000| Complete 
|  97|0x0000000088900000, 0x0000000088a00000, 0x0000000088a00000|100%| E|CS|TAMS 0x0000000088900000, 0x0000000088900000| Complete 
|  98|0x0000000088a00000, 0x0000000088b00000, 0x0000000088b00000|100%| E|CS|TAMS 0x0000000088a00000, 0x0000000088a00000| Complete 
|  99|0x0000000088b00000, 0x0000000088c00000, 0x0000000088c00000|100%| E|CS|TAMS 0x0000000088b00000, 0x0000000088b00000| Complete 
| 100|0x0000000088c00000, 0x0000000088d00000, 0x0000000088d00000|100%| E|CS|TAMS 0x0000000088c00000, 0x0000000088c00000| Complete 
| 101|0x0000000088d00000, 0x0000000088e00000, 0x0000000088e00000|100%| E|CS|TAMS 0x0000000088d00000, 0x0000000088d00000| Complete 
| 102|0x0000000088e00000, 0x0000000088f00000, 0x0000000088f00000|100%| E|CS|TAMS 0x0000000088e00000, 0x0000000088e00000| Complete 
| 103|0x0000000088f00000, 0x0000000089000000, 0x0000000089000000|100%| E|CS|TAMS 0x0000000088f00000, 0x0000000088f00000| Complete 
| 104|0x0000000089000000, 0x0000000089100000, 0x0000000089100000|100%| E|CS|TAMS 0x0000000089000000, 0x0000000089000000| Complete 
| 105|0x0000000089100000, 0x0000000089200000, 0x0000000089200000|100%| E|CS|TAMS 0x0000000089100000, 0x0000000089100000| Complete 
| 106|0x0000000089200000, 0x0000000089300000, 0x0000000089300000|100%| E|CS|TAMS 0x0000000089200000, 0x0000000089200000| Complete 
| 107|0x0000000089300000, 0x0000000089400000, 0x0000000089400000|100%| E|CS|TAMS 0x0000000089300000, 0x0000000089300000| Complete 
| 108|0x0000000089400000, 0x0000000089500000, 0x0000000089500000|100%| E|CS|TAMS 0x0000000089400000, 0x0000000089400000| Complete 
| 109|0x0000000089500000, 0x0000000089600000, 0x0000000089600000|100%| E|CS|TAMS 0x0000000089500000, 0x0000000089500000| Complete 
| 110|0x0000000089600000, 0x0000000089700000, 0x0000000089700000|100%| E|CS|TAMS 0x0000000089600000, 0x0000000089600000| Complete 
| 111|0x0000000089700000, 0x0000000089800000, 0x0000000089800000|100%| E|CS|TAMS 0x0000000089700000, 0x0000000089700000| Complete 
| 112|0x0000000089800000, 0x0000000089900000, 0x0000000089900000|100%| E|CS|TAMS 0x0000000089800000, 0x0000000089800000| Complete 
| 113|0x0000000089900000, 0x0000000089a00000, 0x0000000089a00000|100%| E|CS|TAMS 0x0000000089900000, 0x0000000089900000| Complete 
| 114|0x0000000089a00000, 0x0000000089b00000, 0x0000000089b00000|100%| E|CS|TAMS 0x0000000089a00000, 0x0000000089a00000| Complete 
| 115|0x0000000089b00000, 0x0000000089c00000, 0x0000000089c00000|100%| E|CS|TAMS 0x0000000089b00000, 0x0000000089b00000| Complete 
| 116|0x0000000089c00000, 0x0000000089d00000, 0x0000000089d00000|100%| E|CS|TAMS 0x0000000089c00000, 0x0000000089c00000| Complete 
| 117|0x0000000089d00000, 0x0000000089e00000, 0x0000000089e00000|100%| E|CS|TAMS 0x0000000089d00000, 0x0000000089d00000| Complete 
| 118|0x0000000089e00000, 0x0000000089f00000, 0x0000000089f00000|100%| E|CS|TAMS 0x0000000089e00000, 0x0000000089e00000| Complete 
| 119|0x0000000089f00000, 0x000000008a000000, 0x000000008a000000|100%| E|CS|TAMS 0x0000000089f00000, 0x0000000089f00000| Complete 
| 120|0x000000008a000000, 0x000000008a100000, 0x000000008a100000|100%| E|CS|TAMS 0x000000008a000000, 0x000000008a000000| Complete 
| 121|0x000000008a100000, 0x000000008a200000, 0x000000008a200000|100%| E|CS|TAMS 0x000000008a100000, 0x000000008a100000| Complete 
| 122|0x000000008a200000, 0x000000008a300000, 0x000000008a300000|100%| E|CS|TAMS 0x000000008a200000, 0x000000008a200000| Complete 
| 123|0x000000008a300000, 0x000000008a400000, 0x000000008a400000|100%| E|CS|TAMS 0x000000008a300000, 0x000000008a300000| Complete 
| 124|0x000000008a400000, 0x000000008a500000, 0x000000008a500000|100%| E|CS|TAMS 0x000000008a400000, 0x000000008a400000| Complete 
| 125|0x000000008a500000, 0x000000008a600000, 0x000000008a600000|100%| E|CS|TAMS 0x000000008a500000, 0x000000008a500000| Complete 
| 126|0x000000008a600000, 0x000000008a700000, 0x000000008a700000|100%| E|CS|TAMS 0x000000008a600000, 0x000000008a600000| Complete 
| 127|0x000000008a700000, 0x000000008a800000, 0x000000008a800000|100%| E|CS|TAMS 0x000000008a700000, 0x000000008a700000| Complete 
| 128|0x000000008a800000, 0x000000008a900000, 0x000000008a900000|100%| E|CS|TAMS 0x000000008a800000, 0x000000008a800000| Complete 
| 129|0x000000008a900000, 0x000000008aa00000, 0x000000008aa00000|100%| E|CS|TAMS 0x000000008a900000, 0x000000008a900000| Complete 
| 130|0x000000008aa00000, 0x000000008ab00000, 0x000000008ab00000|100%| E|CS|TAMS 0x000000008aa00000, 0x000000008aa00000| Complete 
| 131|0x000000008ab00000, 0x000000008ac00000, 0x000000008ac00000|100%| E|CS|TAMS 0x000000008ab00000, 0x000000008ab00000| Complete 
| 132|0x000000008ac00000, 0x000000008ad00000, 0x000000008ad00000|100%| E|CS|TAMS 0x000000008ac00000, 0x000000008ac00000| Complete 
| 133|0x000000008ad00000, 0x000000008ae00000, 0x000000008ae00000|100%| E|CS|TAMS 0x000000008ad00000, 0x000000008ad00000| Complete 
| 134|0x000000008ae00000, 0x000000008af00000, 0x000000008af00000|100%| E|CS|TAMS 0x000000008ae00000, 0x000000008ae00000| Complete 
| 135|0x000000008af00000, 0x000000008b000000, 0x000000008b000000|100%| E|CS|TAMS 0x000000008af00000, 0x000000008af00000| Complete 
| 136|0x000000008b000000, 0x000000008b100000, 0x000000008b100000|100%| E|CS|TAMS 0x000000008b000000, 0x000000008b000000| Complete 
| 137|0x000000008b100000, 0x000000008b200000, 0x000000008b200000|100%| E|CS|TAMS 0x000000008b100000, 0x000000008b100000| Complete 
| 138|0x000000008b200000, 0x000000008b300000, 0x000000008b300000|100%| E|CS|TAMS 0x000000008b200000, 0x000000008b200000| Complete 
| 139|0x000000008b300000, 0x000000008b400000, 0x000000008b400000|100%| E|CS|TAMS 0x000000008b300000, 0x000000008b300000| Complete 
| 140|0x000000008b400000, 0x000000008b500000, 0x000000008b500000|100%| E|CS|TAMS 0x000000008b400000, 0x000000008b400000| Complete 
| 141|0x000000008b500000, 0x000000008b600000, 0x000000008b600000|100%| E|CS|TAMS 0x000000008b500000, 0x000000008b500000| Complete 
| 142|0x000000008b600000, 0x000000008b700000, 0x000000008b700000|100%| E|CS|TAMS 0x000000008b600000, 0x000000008b600000| Complete 
| 143|0x000000008b700000, 0x000000008b800000, 0x000000008b800000|100%| E|CS|TAMS 0x000000008b700000, 0x000000008b700000| Complete 
| 144|0x000000008b800000, 0x000000008b900000, 0x000000008b900000|100%| E|CS|TAMS 0x000000008b800000, 0x000000008b800000| Complete 
| 145|0x000000008b900000, 0x000000008ba00000, 0x000000008ba00000|100%| E|CS|TAMS 0x000000008b900000, 0x000000008b900000| Complete 
| 146|0x000000008ba00000, 0x000000008bb00000, 0x000000008bb00000|100%| E|CS|TAMS 0x000000008ba00000, 0x000000008ba00000| Complete 
| 147|0x000000008bb00000, 0x000000008bc00000, 0x000000008bc00000|100%| E|CS|TAMS 0x000000008bb00000, 0x000000008bb00000| Complete 
| 148|0x000000008bc00000, 0x000000008bd00000, 0x000000008bd00000|100%| E|CS|TAMS 0x000000008bc00000, 0x000000008bc00000| Complete 
| 149|0x000000008bd00000, 0x000000008be00000, 0x000000008be00000|100%| E|CS|TAMS 0x000000008bd00000, 0x000000008bd00000| Complete 
| 150|0x000000008be00000, 0x000000008bf00000, 0x000000008bf00000|100%| E|CS|TAMS 0x000000008be00000, 0x000000008be00000| Complete 
| 151|0x000000008bf00000, 0x000000008c000000, 0x000000008c000000|100%| E|CS|TAMS 0x000000008bf00000, 0x000000008bf00000| Complete 

Card table byte_map: [0x000002171ce30000,0x000002171d220000] _byte_map_base: 0x000002171ca1c000

Marking Bits (Prev, Next): (CMBitMap*) 0x0000021705027ad0, (CMBitMap*) 0x0000021705027a98
 Prev Bits: [0x000002171f570000, 0x00000217214d0000)
 Next Bits: [0x000002171d610000, 0x000002171f570000)

Polling page: 0x0000021702f80000

Metaspace:

Usage:
  Non-class:     56.12 MB capacity,    54.94 MB ( 98%) used,   957.86 KB (  2%) free+waste,   247.88 KB ( <1%) overhead. 
      Class:      9.05 MB capacity,     8.25 MB ( 91%) used,   697.58 KB (  8%) free+waste,   122.13 KB (  1%) overhead. 
       Both:     65.17 MB capacity,    63.19 MB ( 97%) used,     1.62 MB (  2%) free+waste,   370.00 KB ( <1%) overhead. 

Virtual space:
  Non-class space:       58.00 MB reserved,      56.21 MB ( 97%) committed 
      Class space:        1.00 GB reserved,       9.13 MB ( <1%) committed 
             Both:        1.06 GB reserved,      65.34 MB (  6%) committed 

Chunk freelists:
   Non-Class:  31.00 KB
       Class:  16.00 KB
        Both:  47.00 KB

MaxMetaspaceSize: 17179869184.00 GB
CompressedClassSpaceSize: 1.00 GB
Initial GC threshold: 20.80 MB
Current GC threshold: 97.64 MB
CDS: off

CodeHeap 'non-profiled nmethods': size=238336Kb used=8553Kb max_used=8553Kb free=229782Kb
 bounds [0x000002170de50000, 0x000002170e6b0000, 0x000002171c710000]
CodeHeap 'non-nmethods': size=7424Kb used=1323Kb max_used=1323Kb free=6100Kb
 bounds [0x000002170d710000, 0x000002170d980000, 0x000002170de50000]
 total_blobs=6059 nmethods=5423 adapters=562
 compilation: enabled
              stopped_count=0, restarted_count=0
 full_count=0

Compilation events (20 events):
Event: 8.406 Thread 0x0000021723f4b800 5414       1       org.apache.tomcat.util.http.MimeHeaderField::getName (5 bytes)
Event: 8.406 Thread 0x0000021723f4b800 nmethod 5414 0x000002170e6a4b90 code [0x000002170e6a4d40, 0x000002170e6a4df8]
Event: 8.412 Thread 0x0000021723f4b800 5415       1       java.nio.ByteBuffer::mark (7 bytes)
Event: 8.412 Thread 0x0000021723f4b800 nmethod 5415 0x000002170e6a4e90 code [0x000002170e6a5040, 0x000002170e6a50f8]
Event: 8.412 Thread 0x0000021723f4b800 5416 %     1       java.util.Properties$LineReader::readLine @ 293 (635 bytes)
Event: 8.416 Thread 0x0000021723f4b800 nmethod 5416% 0x000002170e6a5190 code [0x000002170e6a5420, 0x000002170e6a6618]
Event: 8.417 Thread 0x0000021723f4b800 5417       1       java.lang.StackTraceElement::<init> (10 bytes)
Event: 8.417 Thread 0x0000021723f4b800 nmethod 5417 0x000002170e6a7010 code [0x000002170e6a71c0, 0x000002170e6a7278]
Event: 8.417 Thread 0x0000021723f4b800 5418  s!   1       java.lang.StackTraceElement::computeFormat (71 bytes)
Event: 8.418 Thread 0x0000021723f4b800 nmethod 5418 0x000002170e6a7310 code [0x000002170e6a74e0, 0x000002170e6a7918]
Event: 8.418 Thread 0x0000021723f4b800 5419       1       java.lang.StackTraceElement::isHashedInJavaBase (31 bytes)
Event: 8.419 Thread 0x0000021723f4b800 nmethod 5419 0x000002170e6a7b10 code [0x000002170e6a7ce0, 0x000002170e6a7e58]
Event: 8.419 Thread 0x0000021723f4b800 5420       1       java.lang.Module::getLayer (43 bytes)
Event: 8.419 Thread 0x0000021723f4b800 nmethod 5420 0x000002170e6a7f10 code [0x000002170e6a80c0, 0x000002170e6a8228]
Event: 8.419 Thread 0x0000021723f4b800 5421       1       java.lang.ThreadLocal::setInitialValue (50 bytes)
Event: 8.420 Thread 0x0000021723f4b800 nmethod 5421 0x000002170e6a8310 code [0x000002170e6a8520, 0x000002170e6a87d8]
Event: 8.431 Thread 0x0000021723f4b800 5422       1       java.util.Properties$LineReader::readLine (635 bytes)
Event: 8.433 Thread 0x0000021723f4b800 nmethod 5422 0x000002170e6a8990 code [0x000002170e6a8c20, 0x000002170e6a9b98]
Event: 8.445 Thread 0x0000021723f4b800 5423       1       javax.servlet.ServletRequestWrapper::getRequest (5 bytes)
Event: 8.445 Thread 0x0000021723f4b800 nmethod 5423 0x000002170e6aa490 code [0x000002170e6aa640, 0x000002170e6aa6f8]

GC Heap History (17 events):
Event: 0.641 GC heap before
{Heap before GC invocations=0 (full 0):
 garbage-first heap   total 129024K, used 24576K [0x0000000082800000, 0x0000000100000000)
  region size 1024K, 24 young (24576K), 0 survivors (0K)
 Metaspace       used 13939K, capacity 14329K, committed 14464K, reserved 1062912K
  class space    used 1436K, capacity 1586K, committed 1664K, reserved 1048576K
}
Event: 0.645 GC heap after
{Heap after GC invocations=1 (full 0):
 garbage-first heap   total 129024K, used 7391K [0x0000000082800000, 0x0000000100000000)
  region size 1024K, 3 young (3072K), 3 survivors (3072K)
 Metaspace       used 13939K, capacity 14329K, committed 14464K, reserved 1062912K
  class space    used 1436K, capacity 1586K, committed 1664K, reserved 1048576K
}
Event: 0.987 GC heap before
{Heap before GC invocations=1 (full 0):
 garbage-first heap   total 129024K, used 45279K [0x0000000082800000, 0x0000000100000000)
  region size 1024K, 42 young (43008K), 3 survivors (3072K)
 Metaspace       used 20363K, capacity 21077K, committed 21376K, reserved 1069056K
  class space    used 2315K, capacity 2579K, committed 2688K, reserved 1048576K
}
Event: 0.994 GC heap after
{Heap after GC invocations=2 (full 0):
 garbage-first heap   total 129024K, used 9136K [0x0000000082800000, 0x0000000100000000)
  region size 1024K, 5 young (5120K), 5 survivors (5120K)
 Metaspace       used 20363K, capacity 21077K, committed 21376K, reserved 1069056K
  class space    used 2315K, capacity 2579K, committed 2688K, reserved 1048576K
}
Event: 1.230 GC heap before
{Heap before GC invocations=3 (full 0):
 garbage-first heap   total 129024K, used 58288K [0x0000000082800000, 0x0000000100000000)
  region size 1024K, 54 young (55296K), 5 survivors (5120K)
 Metaspace       used 23948K, capacity 24707K, committed 24960K, reserved 1071104K
  class space    used 2779K, capacity 3089K, committed 3200K, reserved 1048576K
}
Event: 1.236 GC heap after
{Heap after GC invocations=4 (full 0):
 garbage-first heap   total 129024K, used 10601K [0x0000000082800000, 0x0000000100000000)
  region size 1024K, 4 young (4096K), 4 survivors (4096K)
 Metaspace       used 23948K, capacity 24707K, committed 24960K, reserved 1071104K
  class space    used 2779K, capacity 3089K, committed 3200K, reserved 1048576K
}
Event: 1.509 GC heap before
{Heap before GC invocations=4 (full 0):
 garbage-first heap   total 129024K, used 69993K [0x0000000082800000, 0x0000000100000000)
  region size 1024K, 63 young (64512K), 4 survivors (4096K)
 Metaspace       used 26658K, capacity 27577K, committed 27648K, reserved 1073152K
  class space    used 3180K, capacity 3544K, committed 3584K, reserved 1048576K
}
Event: 1.514 GC heap after
{Heap after GC invocations=5 (full 0):
 garbage-first heap   total 129024K, used 12036K [0x0000000082800000, 0x0000000100000000)
  region size 1024K, 5 young (5120K), 5 survivors (5120K)
 Metaspace       used 26658K, capacity 27577K, committed 27648K, reserved 1073152K
  class space    used 3180K, capacity 3544K, committed 3584K, reserved 1048576K
}
Event: 2.044 GC heap before
{Heap before GC invocations=5 (full 0):
 garbage-first heap   total 129024K, used 82692K [0x0000000082800000, 0x0000000100000000)
  region size 1024K, 75 young (76800K), 5 survivors (5120K)
 Metaspace       used 33362K, capacity 34616K, committed 34816K, reserved 1079296K
  class space    used 4115K, capacity 4606K, committed 4608K, reserved 1048576K
}
Event: 2.054 GC heap after
{Heap after GC invocations=6 (full 0):
 garbage-first heap   total 155648K, used 15604K [0x0000000082800000, 0x0000000100000000)
  region size 1024K, 9 young (9216K), 9 survivors (9216K)
 Metaspace       used 33362K, capacity 34616K, committed 34816K, reserved 1079296K
  class space    used 4115K, capacity 4606K, committed 4608K, reserved 1048576K
}
Event: 2.152 GC heap before
{Heap before GC invocations=6 (full 0):
 garbage-first heap   total 155648K, used 55540K [0x0000000082800000, 0x0000000100000000)
  region size 1024K, 50 young (51200K), 9 survivors (9216K)
 Metaspace       used 34144K, capacity 35460K, committed 35584K, reserved 1079296K
  class space    used 4226K, capacity 4761K, committed 4864K, reserved 1048576K
}
Event: 2.162 GC heap after
{Heap after GC invocations=7 (full 0):
 garbage-first heap   total 155648K, used 15999K [0x0000000082800000, 0x0000000100000000)
  region size 1024K, 6 young (6144K), 6 survivors (6144K)
 Metaspace       used 34144K, capacity 35460K, committed 35584K, reserved 1079296K
  class space    used 4226K, capacity 4761K, committed 4864K, reserved 1048576K
}
Event: 2.930 GC heap before
{Heap before GC invocations=8 (full 0):
 garbage-first heap   total 155648K, used 103039K [0x0000000082800000, 0x0000000100000000)
  region size 1024K, 91 young (93184K), 6 survivors (6144K)
 Metaspace       used 49885K, capacity 51376K, committed 51456K, reserved 1093632K
  class space    used 6283K, capacity 6890K, committed 6912K, reserved 1048576K
}
Event: 2.936 GC heap after
{Heap after GC invocations=9 (full 0):
 garbage-first heap   total 155648K, used 20652K [0x0000000082800000, 0x0000000100000000)
  region size 1024K, 11 young (11264K), 11 survivors (11264K)
 Metaspace       used 49885K, capacity 51376K, committed 51456K, reserved 1093632K
  class space    used 6283K, capacity 6890K, committed 6912K, reserved 1048576K
}
Event: 3.491 GC heap before
{Heap before GC invocations=9 (full 0):
 garbage-first heap   total 155648K, used 82092K [0x0000000082800000, 0x0000000100000000)
  region size 1024K, 72 young (73728K), 11 survivors (11264K)
 Metaspace       used 57785K, capacity 59597K, committed 59736K, reserved 1101824K
  class space    used 7488K, capacity 8237K, committed 8320K, reserved 1048576K
}
Event: 3.499 GC heap after
{Heap after GC invocations=10 (full 0):
 garbage-first heap   total 155648K, used 23340K [0x0000000082800000, 0x0000000100000000)
  region size 1024K, 9 young (9216K), 9 survivors (9216K)
 Metaspace       used 57785K, capacity 59597K, committed 59736K, reserved 1101824K
  class space    used 7488K, capacity 8237K, committed 8320K, reserved 1048576K
}
Event: 8.447 GC heap before
{Heap before GC invocations=11 (full 0):
 garbage-first heap   total 155648K, used 106284K [0x0000000082800000, 0x0000000100000000)
  region size 1024K, 91 young (93184K), 9 survivors (9216K)
 Metaspace       used 64703K, capacity 66729K, committed 66904K, reserved 1107968K
  class space    used 8444K, capacity 9264K, committed 9344K, reserved 1048576K
}

Deoptimization events (4 events):
Event: 1.601 Thread 0x0000021704feb000 DEOPT PACKING pc=0x000002170e12376c sp=0x000000ef0f7fdd80
Event: 1.601 Thread 0x0000021704feb000 DEOPT UNPACKING pc=0x000002170d75a95e sp=0x000000ef0f7fd2e8 mode 0
Event: 3.463 Thread 0x0000021704feb000 DEOPT PACKING pc=0x000002170e162c37 sp=0x000000ef0f7fca50
Event: 3.463 Thread 0x0000021704feb000 DEOPT UNPACKING pc=0x000002170d75a95e sp=0x000000ef0f7fbf58 mode 3

Classes redefined (0 events):
No events

Internal exceptions (20 events):
Event: 3.568 Thread 0x0000021704feb000 Exception <a 'java/lang/ClassNotFoundException'{0x000000008b5e6120}: org/springframework/context/annotation/ImportAwareCustomizer> (0x000000008b5e6120) thrown at [./src/hotspot/share/classfile/systemDictionary.cpp, line 231]
Event: 3.568 Thread 0x0000021704feb000 Exception <a 'java/lang/ClassNotFoundException'{0x000000008b5f7cc8}: org/springframework/beans/factory/AwareCustomizer> (0x000000008b5f7cc8) thrown at [./src/hotspot/share/classfile/systemDictionary.cpp, line 231]
Event: 3.568 Thread 0x0000021704feb000 Exception <a 'java/lang/ClassNotFoundException'{0x000000008b40b260}: org/springframework/beans/factory/BeanClassLoaderAwareCustomizer> (0x000000008b40b260) thrown at [./src/hotspot/share/classfile/systemDictionary.cpp, line 231]
Event: 3.568 Thread 0x0000021704feb000 Exception <a 'java/lang/ClassNotFoundException'{0x000000008b41ce18}: org/springframework/beans/factory/AwareCustomizer> (0x000000008b41ce18) thrown at [./src/hotspot/share/classfile/systemDictionary.cpp, line 231]
Event: 3.630 Thread 0x0000021726be7000 Exception <a 'java/lang/reflect/InvocationTargetException'{0x000000008a909628}> (0x000000008a909628) thrown at [./src/hotspot/share/runtime/reflection.cpp, line 1247]
Event: 3.654 Thread 0x0000021704feb000 Exception <a 'java/lang/ClassNotFoundException'{0x000000008a516f20}: java/lang/ObjectCustomizer> (0x000000008a516f20) thrown at [./src/hotspot/share/classfile/systemDictionary.cpp, line 231]
Event: 3.655 Thread 0x0000021704feb000 Exception <a 'java/lang/ClassNotFoundException'{0x000000008a5323b8}: org/springframework/security/config/annotation/web/configuration/HttpSecurityConfigurationCustomizer> (0x000000008a5323b8) thrown at [./src/hotspot/share/classfile/systemDictionary.cpp, line 231]
Event: 3.734 Thread 0x0000021704feb000 Exception <a 'java/lang/NoSuchMethodError'{0x0000000089b3ce68}: 'void java.lang.invoke.DirectMethodHandle$Holder.invokeVirtual(java.lang.Object, java.lang.Object, int)'> (0x0000000089b3ce68) thrown at [./src/hotspot/share/interpreter/linkResolver.cpp, line 773]
Event: 3.734 Thread 0x0000021704feb000 Exception <a 'java/lang/NoSuchMethodError'{0x0000000089b56c68}: 'void java.lang.invoke.DirectMethodHandle$Holder.invokeVirtual(java.lang.Object, java.lang.Object, long)'> (0x0000000089b56c68) thrown at [./src/hotspot/share/interpreter/linkResolver.cpp, line 773]
Event: 3.800 Thread 0x0000021704feb000 Exception <a 'java/lang/IncompatibleClassChangeError'{0x0000000089297e88}: Found class java.lang.Object, but interface was expected> (0x0000000089297e88) thrown at [./src/hotspot/share/interpreter/linkResolver.cpp, line 839]
Event: 3.904 Thread 0x0000021704feb000 Exception <a 'java/lang/NoSuchMethodError'{0x0000000088663028}: 'java.lang.Object java.lang.invoke.DirectMethodHandle$Holder.invokeSpecial(java.lang.Object, java.lang.Object, int, java.lang.Object, int, java.lang.Object)'> (0x0000000088663028) thrown at [./src/hotspot/share/interpreter/linkResolver.cpp, line 773]
Event: 3.904 Thread 0x0000021704feb000 Exception <a 'java/lang/NoSuchMethodError'{0x000000008866a510}: 'java.lang.Object java.lang.invoke.DirectMethodHandle$Holder.invokeStatic(java.lang.Object, java.lang.Object, int, java.lang.Object, int)'> (0x000000008866a510) thrown at [./src/hotspot/share/interpreter/linkResolver.cpp, line 773]
Event: 3.904 Thread 0x0000021704feb000 Exception <a 'java/lang/NoSuchMethodError'{0x000000008866dcf0}: 'java.lang.Object java.lang.invoke.DirectMethodHandle$Holder.invokeSpecial(java.lang.Object, java.lang.Object, java.lang.Object, int, java.lang.Object, int)'> (0x000000008866dcf0) thrown at [./src/hotspot/share/interpreter/linkResolver.cpp, line 773]
Event: 3.905 Thread 0x0000021704feb000 Exception <a 'java/lang/NoSuchMethodError'{0x0000000088679e48}: 'void java.lang.invoke.DirectMethodHandle$Holder.invokeVirtual(java.lang.Object, java.lang.Object)'> (0x0000000088679e48) thrown at [./src/hotspot/share/interpreter/linkResolver.cpp, line 773]
Event: 3.947 Thread 0x0000021704feb000 Exception <a 'java/lang/ClassNotFoundException'{0x000000008764ca60}: java/lang/ObjectCustomizer> (0x000000008764ca60) thrown at [./src/hotspot/share/classfile/systemDictionary.cpp, line 231]
Event: 3.948 Thread 0x0000021704feb000 Exception <a 'java/lang/ClassNotFoundException'{0x000000008765f6c8}: ru/ant/firstRestApp/model/RoleCustomizer> (0x000000008765f6c8) thrown at [./src/hotspot/share/classfile/systemDictionary.cpp, line 231]
Event: 3.948 Thread 0x0000021704feb000 Exception <a 'java/lang/ClassNotFoundException'{0x0000000087679d50}: org/springframework/security/core/GrantedAuthorityCustomizer> (0x0000000087679d50) thrown at [./src/hotspot/share/classfile/systemDictionary.cpp, line 231]
Event: 4.011 Thread 0x0000021704feb000 Exception <a 'java/lang/ClassNotFoundException'{0x000000008716d100}: java/lang/ObjectCustomizer> (0x000000008716d100) thrown at [./src/hotspot/share/classfile/systemDictionary.cpp, line 231]
Event: 4.012 Thread 0x0000021704feb000 Exception <a 'java/lang/ClassNotFoundException'{0x000000008717fd68}: ru/ant/firstRestApp/model/UserCustomizer> (0x000000008717fd68) thrown at [./src/hotspot/share/classfile/systemDictionary.cpp, line 231]
Event: 4.013 Thread 0x0000021704feb000 Exception <a 'java/lang/ClassNotFoundException'{0x00000000871a96c0}: org/springframework/security/core/userdetails/UserDetailsCustomizer> (0x00000000871a96c0) thrown at [./src/hotspot/share/classfile/systemDictionary.cpp, line 231]

Events (20 events):
Event: 8.442 loading class org/springframework/security/web/servletapi/SecurityContextHolderAwareRequestWrapper done
Event: 8.443 loading class org/springframework/security/web/authentication/WebAuthenticationDetails
Event: 8.443 loading class org/springframework/security/web/authentication/WebAuthenticationDetails done
Event: 8.444 Executing VM operation: RevokeBias
Event: 8.444 Executing VM operation: RevokeBias done
Event: 8.444 loading class javax/servlet/ServletRequest
Event: 8.444 loading class javax/servlet/ServletRequest done
Event: 8.444 loading class javax/servlet/ServletRequest
Event: 8.444 loading class javax/servlet/ServletRequest done
Event: 8.444 loading class javax/servlet/FilterChain
Event: 8.444 loading class javax/servlet/FilterChain done
Event: 8.445 loading class org/springframework/security/web/access/expression/WebSecurityExpressionRoot
Event: 8.445 loading class org/springframework/security/web/access/expression/WebSecurityExpressionRoot done
Event: 8.445 loading class org/springframework/security/access/expression/SecurityExpressionRoot
Event: 8.445 loading class org/springframework/security/access/expression/SecurityExpressionRoot done
Event: 8.445 Executing VM operation: BulkRevokeBias
Event: 8.446 Executing VM operation: BulkRevokeBias done
Event: 8.447 loading class org/springframework/security/web/access/expression/AbstractVariableEvaluationContextPostProcessor$VariableEvaluationContext
Event: 8.447 loading class org/springframework/security/web/access/expression/AbstractVariableEvaluationContextPostProcessor$VariableEvaluationContext done
Event: 8.447 Executing VM operation: G1CollectForAllocation


Dynamic libraries:
0x00007ff7f3570000 - 0x00007ff7f357d000 	C:\Program Files\Amazon Corretto\jdk11.0.13_8\bin\java.exe
0x00007ff8e4cf0000 - 0x00007ff8e4ee8000 	C:\Windows\SYSTEM32\ntdll.dll
0x00007ff8e3ed0000 - 0x00007ff8e3f8f000 	C:\Windows\System32\KERNEL32.DLL
0x00007ff8e26d0000 - 0x00007ff8e29a2000 	C:\Windows\System32\KERNELBASE.dll
0x00007ff8e29b0000 - 0x00007ff8e2ab0000 	C:\Windows\System32\ucrtbase.dll
0x00007ff8dd620000 - 0x00007ff8dd639000 	C:\Program Files\Amazon Corretto\jdk11.0.13_8\bin\VCRUNTIME140.dll
0x00007ff8dd600000 - 0x00007ff8dd617000 	C:\Program Files\Amazon Corretto\jdk11.0.13_8\bin\jli.dll
0x00007ff8e4940000 - 0x00007ff8e4add000 	C:\Windows\System32\USER32.dll
0x00007ff8c1df0000 - 0x00007ff8c208a000 	C:\Windows\WinSxS\amd64_microsoft.windows.common-controls_6595b64144ccf1df_6.0.19041.1110_none_60b5254171f9507e\COMCTL32.dll
0x00007ff8e2d10000 - 0x00007ff8e2d32000 	C:\Windows\System32\win32u.dll
0x00007ff8e2df0000 - 0x00007ff8e2e1b000 	C:\Windows\System32\GDI32.dll
0x00007ff8e3fd0000 - 0x00007ff8e406e000 	C:\Windows\System32\msvcrt.dll
0x00007ff8e2590000 - 0x00007ff8e269f000 	C:\Windows\System32\gdi32full.dll
0x00007ff8e24a0000 - 0x00007ff8e253d000 	C:\Windows\System32\msvcp_win.dll
0x00007ff8e3f90000 - 0x00007ff8e3fc2000 	C:\Windows\System32\IMM32.DLL
0x00007ff8a5370000 - 0x00007ff8a540b000 	C:\Program Files\Amazon Corretto\jdk11.0.13_8\bin\msvcp140.dll
0x00007ff843270000 - 0x00007ff843def000 	C:\Program Files\Amazon Corretto\jdk11.0.13_8\bin\server\jvm.dll
0x00007ff8e4b90000 - 0x00007ff8e4c3e000 	C:\Windows\System32\ADVAPI32.dll
0x00007ff8e46a0000 - 0x00007ff8e473c000 	C:\Windows\System32\sechost.dll
0x00007ff8e3c70000 - 0x00007ff8e3d95000 	C:\Windows\System32\RPCRT4.dll
0x00007ff8e36f0000 - 0x00007ff8e36f8000 	C:\Windows\System32\PSAPI.DLL
0x00007ff8e0ec0000 - 0x00007ff8e0ee7000 	C:\Windows\SYSTEM32\WINMM.dll
0x00007ff8df2a0000 - 0x00007ff8df2a9000 	C:\Windows\SYSTEM32\WSOCK32.dll
0x00007ff8da960000 - 0x00007ff8da96a000 	C:\Windows\SYSTEM32\VERSION.dll
0x00007ff8e4c40000 - 0x00007ff8e4cab000 	C:\Windows\System32\WS2_32.dll
0x00007ff8dffc0000 - 0x00007ff8dffd2000 	C:\Windows\SYSTEM32\kernel.appcore.dll
0x00007ff8dd5f0000 - 0x00007ff8dd600000 	C:\Program Files\Amazon Corretto\jdk11.0.13_8\bin\verify.dll
0x00007ff8d47a0000 - 0x00007ff8d4984000 	C:\Windows\SYSTEM32\DBGHELP.DLL
0x00007ff8c7290000 - 0x00007ff8c72bc000 	C:\Windows\SYSTEM32\dbgcore.DLL
0x00007ff8e2c10000 - 0x00007ff8e2c92000 	C:\Windows\System32\bcryptPrimitives.dll
0x00007ff8b5930000 - 0x00007ff8b5958000 	C:\Program Files\Amazon Corretto\jdk11.0.13_8\bin\java.dll
0x00007ff8dd5e0000 - 0x00007ff8dd5ea000 	C:\Program Files\Amazon Corretto\jdk11.0.13_8\bin\jimage.dll
0x00007ff8cc7e0000 - 0x00007ff8cc7ee000 	C:\Program Files\Amazon Corretto\jdk11.0.13_8\bin\instrument.dll
0x00007ff8c4930000 - 0x00007ff8c4947000 	C:\Program Files\Amazon Corretto\jdk11.0.13_8\bin\zip.dll
0x00007ff8e2e20000 - 0x00007ff8e3563000 	C:\Windows\System32\SHELL32.dll
0x00007ff8e0640000 - 0x00007ff8e0dd2000 	C:\Windows\SYSTEM32\windows.storage.dll
0x00007ff8e3700000 - 0x00007ff8e3a54000 	C:\Windows\System32\combase.dll
0x00007ff8e1db0000 - 0x00007ff8e1de0000 	C:\Windows\SYSTEM32\Wldp.dll
0x00007ff8e4ae0000 - 0x00007ff8e4b8d000 	C:\Windows\System32\SHCORE.dll
0x00007ff8e4150000 - 0x00007ff8e41a5000 	C:\Windows\System32\shlwapi.dll
0x00007ff8e2330000 - 0x00007ff8e234f000 	C:\Windows\SYSTEM32\profapi.dll
0x00007ff8ba9b0000 - 0x00007ff8ba9c9000 	C:\Program Files\Amazon Corretto\jdk11.0.13_8\bin\net.dll
0x00007ff8d2470000 - 0x00007ff8d257c000 	C:\Windows\SYSTEM32\WINHTTP.dll
0x00007ff8e1a70000 - 0x00007ff8e1ada000 	C:\Windows\system32\mswsock.dll
0x00007ff8b1c90000 - 0x00007ff8b1ca2000 	C:\Program Files\Amazon Corretto\jdk11.0.13_8\bin\nio.dll
0x00007ff8b1a10000 - 0x00007ff8b1a2a000 	C:\Program Files\JetBrains\IntelliJ IDEA 2021.1.3\bin\breakgen64.dll
0x00007ff8e17a0000 - 0x00007ff8e186a000 	C:\Windows\SYSTEM32\DNSAPI.dll
0x00007ff8e1760000 - 0x00007ff8e179b000 	C:\Windows\SYSTEM32\IPHLPAPI.DLL
0x00007ff8e4930000 - 0x00007ff8e4938000 	C:\Windows\System32\NSI.dll
0x00007ff8da080000 - 0x00007ff8da08a000 	C:\Windows\System32\rasadhlp.dll
0x00007ff8ceff0000 - 0x00007ff8cf070000 	C:\Windows\System32\fwpuclnt.dll
0x00007ff8e26a0000 - 0x00007ff8e26c7000 	C:\Windows\System32\bcrypt.dll
0x00007ff8c65e0000 - 0x00007ff8c65e9000 	C:\Program Files\Amazon Corretto\jdk11.0.13_8\bin\management.dll
0x00007ff8c4cf0000 - 0x00007ff8c4cfb000 	C:\Program Files\Amazon Corretto\jdk11.0.13_8\bin\management_ext.dll
0x00007ff8e1c90000 - 0x00007ff8e1ca8000 	C:\Windows\SYSTEM32\CRYPTSP.dll
0x00007ff8e1c70000 - 0x00007ff8e1c87000 	C:\Program Files\Common Files\Crypto Pro\AppCompat\cpadvai.dll
0x00007ff8e1390000 - 0x00007ff8e13c4000 	C:\Windows\system32\rsaenh.dll
0x00007ff8e22b0000 - 0x00007ff8e22de000 	C:\Windows\SYSTEM32\USERENV.dll
0x00007ff8e1cb0000 - 0x00007ff8e1cbc000 	C:\Windows\SYSTEM32\CRYPTBASE.dll
0x00007ff8d4ca0000 - 0x00007ff8d4cb7000 	C:\Windows\SYSTEM32\dhcpcsvc6.DLL
0x00007ff8d8cd0000 - 0x00007ff8d8ced000 	C:\Windows\SYSTEM32\dhcpcsvc.DLL
0x00007ff8b9c30000 - 0x00007ff8b9c47000 	C:\Windows\system32\napinsp.dll
0x00007ff8b9c10000 - 0x00007ff8b9c2b000 	C:\Windows\system32\pnrpnsp.dll
0x00007ff8dcba0000 - 0x00007ff8dcbb5000 	C:\Windows\system32\wshbth.dll
0x00007ff8dd3f0000 - 0x00007ff8dd40d000 	C:\Windows\system32\NLAapi.dll
0x00007ff8b9bf0000 - 0x00007ff8b9c02000 	C:\Windows\System32\winrnr.dll
0x00007ff8c4860000 - 0x00007ff8c486e000 	C:\Program Files\Amazon Corretto\jdk11.0.13_8\bin\sunmscapi.dll
0x00007ff8e2ab0000 - 0x00007ff8e2c06000 	C:\Windows\System32\CRYPT32.dll
0x00007ff8e1e20000 - 0x00007ff8e1e47000 	C:\Windows\SYSTEM32\ncrypt.dll
0x00007ff8e1e50000 - 0x00007ff8e1e72000 	C:\Program Files\Common Files\Crypto Pro\AppCompat\cpcrypt.dll
0x00007ff8e1de0000 - 0x00007ff8e1e1b000 	C:\Windows\SYSTEM32\NTASN1.dll
0x00007ff8a5340000 - 0x00007ff8a5365000 	C:\Program Files\Amazon Corretto\jdk11.0.13_8\bin\sunec.dll

dbghelp: loaded successfully - version: 4.0.5 - missing functions: none
symbol engine: initialized successfully - sym options: 0x614 - pdb path: .;C:\Program Files\Amazon Corretto\jdk11.0.13_8\bin;C:\Windows\SYSTEM32;C:\Windows\WinSxS\amd64_microsoft.windows.common-controls_6595b64144ccf1df_6.0.19041.1110_none_60b5254171f9507e;C:\Program Files\Amazon Corretto\jdk11.0.13_8\bin\server;C:\Program Files\JetBrains\IntelliJ IDEA 2021.1.3\bin;C:\Program Files\Common Files\Crypto Pro\AppCompat

VM Arguments:
jvm_args: -XX:TieredStopAtLevel=1 -Xverify:none -Dspring.output.ansi.enabled=always -javaagent:C:\Program Files\JetBrains\IntelliJ IDEA 2021.1.3\lib\idea_rt.jar=50060:C:\Program Files\JetBrains\IntelliJ IDEA 2021.1.3\bin -Dcom.sun.management.jmxremote -Dspring.jmx.enabled=true -Dspring.liveBeansView.mbeanDomain -Dspring.application.admin.enabled=true -Dfile.encoding=UTF-8 
java_command: ru.ant.firstRestApp.FirstRestAppApplication
java_class_path (initial): C:\Users\antiv\Downloads\firstRestApp\firstRestApp\target\classes;C:\Users\antiv\.m2\repository\org\springframework\boot\spring-boot-starter-data-jpa\2.7.5\spring-boot-starter-data-jpa-2.7.5.jar;C:\Users\antiv\.m2\repository\org\springframework\boot\spring-boot-starter-aop\2.7.5\spring-boot-starter-aop-2.7.5.jar;C:\Users\antiv\.m2\repository\org\aspectj\aspectjweaver\1.9.7\aspectjweaver-1.9.7.jar;C:\Users\antiv\.m2\repository\org\springframework\boot\spring-boot-starter-jdbc\2.7.5\spring-boot-starter-jdbc-2.7.5.jar;C:\Users\antiv\.m2\repository\com\zaxxer\HikariCP\4.0.3\HikariCP-4.0.3.jar;C:\Users\antiv\.m2\repository\org\springframework\spring-jdbc\5.3.23\spring-jdbc-5.3.23.jar;C:\Users\antiv\.m2\repository\jakarta\transaction\jakarta.transaction-api\1.3.3\jakarta.transaction-api-1.3.3.jar;C:\Users\antiv\.m2\repository\jakarta\persistence\jakarta.persistence-api\2.2.3\jakarta.persistence-api-2.2.3.jar;C:\Users\antiv\.m2\repository\org\hibernate\hibernate-core\5.6.12.Final\hibernate-core-5.6.12.Final.jar;C:\Users\antiv\.m2\repository\org\jboss\logging\jboss-logging\3.4.3.Final\jboss-logging-3.4.3.Final.jar;C:\Users\antiv\.m2\repository\net\bytebuddy\byte-buddy\1.12.18\byte-buddy-1.12.18.jar;C:\Users\antiv\.m2\repository\antlr\antlr\2.7.7\antlr-2.7.7.jar;C:\Users\antiv\.m2\repository\org\jboss\jandex\2.4.2.Final\jandex-2.4.2.Final.jar;C:\Users\antiv\.m2\repository\com\fasterxml\classmate\1.5.1\classmate-1.5.1.jar;C:\Users\antiv\.m2\repository\org\hibernate\common\hibernate-commons-annotations\5.1.2.Final\hibernate-commons-annotations-5.1.2.Final.jar;C:\Users\antiv\.m2\repository\org\glassfish\jaxb\jaxb-runtime\2.3.7\jaxb-runtime-2.3.7.jar;C:\Users\antiv\.m2\repository\org\glassfish\jaxb\txw2\2.3.7\txw2-2.3.7.jar;C:\Users\antiv\.m2\repository\com\sun\istack\istack-commons-runtime\3.0.12\istack-commons-runtime-3.0.12.jar;C:\Users\antiv\.m2\repository\com\sun\activation\jakarta.activation\1.2.2\jakarta.activation-1.2.2.jar;C:\Users\antiv\.m2
Launcher Type: SUN_STANDARD

[Global flags]
     bool BytecodeVerificationLocal                = false                                     {product} {command line}
     bool BytecodeVerificationRemote               = false                                     {product} {command line}
     intx CICompilerCount                          = 4                                         {product} {ergonomic}
     uint ConcGCThreads                            = 2                                         {product} {ergonomic}
     uint G1ConcRefinementThreads                  = 8                                         {product} {ergonomic}
   size_t G1HeapRegionSize                         = 1048576                                   {product} {ergonomic}
    uintx GCDrainStackTargetSize                   = 64                                        {product} {ergonomic}
   size_t InitialHeapSize                          = 132120576                                 {product} {ergonomic}
     bool ManagementServer                         = true                                      {product} {command line}
   size_t MarkStackSize                            = 4194304                                   {product} {ergonomic}
   size_t MaxHeapSize                              = 2105540608                                {product} {ergonomic}
   size_t MaxNewSize                               = 1262485504                                {product} {ergonomic}
   size_t MinHeapDeltaBytes                        = 1048576                                   {product} {ergonomic}
    uintx NonNMethodCodeHeapSize                   = 7549744                                {pd product} {ergonomic}
    uintx NonProfiledCodeHeapSize                  = 244108496                              {pd product} {ergonomic}
    uintx ProfiledCodeHeapSize                     = 0                                      {pd product} {ergonomic}
    uintx ReservedCodeCacheSize                    = 251658240                              {pd product} {ergonomic}
     bool SegmentedCodeCache                       = true                                      {product} {ergonomic}
     intx TieredStopAtLevel                        = 1                                         {product} {command line}
     bool UseCompressedClassPointers               = true                                 {lp64_product} {ergonomic}
     bool UseCompressedOops                        = true                                 {lp64_product} {ergonomic}
     bool UseG1GC                                  = true                                      {product} {ergonomic}
     bool UseLargePagesIndividualAllocation        = false                                  {pd product} {ergonomic}

Logging:
Log output configuration:
 #0: stdout all=warning uptime,level,tags
 #1: stderr all=off uptime,level,tags

Environment Variables:
JAVA_HOME=C:\Program Files\Amazon Corretto\jdk11.0.13_8
PATH=C:\Windows;C:\Windows\System32\Wbem;C:\Windows\System32\WindowsPowerShell\v1.0\;C:\Windows\System32\OpenSSH\;C:\Program Files\Git\cmd;C:\Program Files\apache-maven-3.8.3\bin;C:\Program Files\Amazon Corretto\jdk11.0.13_8\bin;D:\kafka\bin\windows;C:\Program Files (x86)\Calibre2\;C:\Program Files\MySQL\MySQL Shell 8.0\bin\;C:\Users\antiv\AppData\Local\Microsoft\WindowsApps;
USERNAME=antiv
OS=Windows_NT
PROCESSOR_IDENTIFIER=Intel64 Family 6 Model 142 Stepping 12, GenuineIntel



---------------  S Y S T E M  ---------------

OS: Windows 10 , 64 bit Build 19041 (10.0.19041.2251)
OS uptime: 0 days 13:18 hours

CPU:total 8 (initial active 8) (4 cores per cpu, 2 threads per core) family 6 model 142 stepping 12 microcode 0xde, cmov, cx8, fxsr, mmx, sse, sse2, sse3, ssse3, sse4.1, sse4.2, popcnt, avx, avx2, aes, clmul, erms, 3dnowpref, lzcnt, ht, tsc, tscinvbit, bmi1, bmi2, adx, fma

Memory: 4k page, system-wide physical 8025M (1642M free)
TotalPageFile size 15961M (AvailPageFile size 7149M)
current process WorkingSet (physical memory assigned to process): 263M, peak: 263M
current process commit charge ("private bytes"): 328M, peak: 328M

vm_info: OpenJDK 64-Bit Server VM (11.0.13+8-LTS) for windows-amd64 JRE (11.0.13+8-LTS), built on Oct 13 2021 21:32:06 by "Administrator" with unknown MS VC++:1916

END.
